2025-01-25 14:24:48.107 [info] Extension host with pid 15550 started
2025-01-25 14:24:48.107 [info] Skipping acquiring lock for /home/jost/.config/Code/User/workspaceStorage/e433764ade4255cec44cf59a88a64e57.
2025-01-25 14:24:49.114 [info] ExtensionService#_doActivateExtension vscode.github-authentication, startup: false, activationEvent: 'onAuthenticationRequest:github'
2025-01-25 14:24:49.193 [info] ExtensionService#_doActivateExtension vscode.emmet, startup: false, activationEvent: 'onLanguage'
2025-01-25 14:24:49.237 [info] ExtensionService#_doActivateExtension ewen-lbh.vscode-hyprls, startup: false, activationEvent: 'onLanguage:hyprlang'
2025-01-25 14:24:49.453 [info] ExtensionService#_doActivateExtension fireblast.hyprlang-vscode, startup: false, activationEvent: 'onLanguage:hyprlang'
2025-01-25 14:24:49.704 [info] ExtensionService#_doActivateExtension vscode.git-base, startup: true, activationEvent: '*', root cause: vscode.git
2025-01-25 14:24:49.709 [info] ExtensionService#_doActivateExtension formulahendry.auto-close-tag, startup: true, activationEvent: '*'
2025-01-25 14:24:49.712 [info] ExtensionService#_doActivateExtension formulahendry.auto-rename-tag, startup: true, activationEvent: '*'
2025-01-25 14:24:49.781 [info] ExtensionService#_doActivateExtension kamikillerto.vscode-colorize, startup: true, activationEvent: '*'
2025-01-25 14:24:50.263 [info] ExtensionService#_doActivateExtension vscode.git, startup: true, activationEvent: '*'
2025-01-25 14:24:50.458 [info] ExtensionService#_doActivateExtension vscode.github, startup: true, activationEvent: '*'
2025-01-25 14:24:50.826 [error] Launching server using command hyprls failed. Error: spawn hyprls ENOENT
2025-01-25 14:24:50.902 [info] Eager extensions activated
2025-01-25 14:24:51.071 [info] ExtensionService#_doActivateExtension vscode.microsoft-authentication, startup: false, activationEvent: 'onAuthenticationRequest:microsoft'
2025-01-25 14:24:51.156 [info] ExtensionService#_doActivateExtension vscode.debug-auto-launch, startup: false, activationEvent: 'onStartupFinished'
2025-01-25 14:24:51.160 [info] ExtensionService#_doActivateExtension vscode.merge-conflict, startup: false, activationEvent: 'onStartupFinished'
2025-01-25 14:24:51.213 [info] ExtensionService#_doActivateExtension circlecodesolution.ccs-flutter-color, startup: false, activationEvent: 'onStartupFinished'
2025-01-25 14:24:51.216 [info] ExtensionService#_doActivateExtension dbaeumer.vscode-eslint, startup: false, activationEvent: 'onStartupFinished'
2025-01-25 14:24:51.305 [info] ExtensionService#_doActivateExtension formulahendry.code-runner, startup: false, activationEvent: 'onStartupFinished'
2025-01-25 14:24:51.339 [info] ExtensionService#_doActivateExtension PKief.material-icon-theme, startup: false, activationEvent: 'onStartupFinished'
2025-01-25 14:24:51.369 [info] ExtensionService#_doActivateExtension usernamehw.errorlens, startup: false, activationEvent: 'onStartupFinished'
2025-01-25 14:24:51.386 [info] ExtensionService#_doActivateExtension vadimcn.vscode-lldb, startup: false, activationEvent: 'onStartupFinished'
2025-01-25 14:24:52.023 [info] ExtensionService#_doActivateExtension vscode.configuration-editing, startup: false, activationEvent: 'onLanguage:jsonc'
2025-01-25 14:24:52.046 [info] ExtensionService#_doActivateExtension vscode.json-language-features, startup: false, activationEvent: 'onLanguage:jsonc'
2025-01-25 14:24:52.183 [info] ExtensionService#_doActivateExtension vscode.typescript-language-features, startup: false, activationEvent: 'onLanguage:jsonc'
2025-01-25 14:28:10.544 [info] Extension host terminating: renderer closed the MessagePort
2025-01-25 14:28:10.708 [error] Error: Client is not running and can't be stopped. It's current state is: startFailed
    at LanguageClient.shutdown (/home/jost/.vscode/extensions/ewen-lbh.vscode-hyprls-0.4.1/node_modules/vscode-languageclient/lib/common/client.js:964:19)
    at LanguageClient.stop (/home/jost/.vscode/extensions/ewen-lbh.vscode-hyprls-0.4.1/node_modules/vscode-languageclient/lib/common/client.js:935:21)
    at LanguageClient.stop (/home/jost/.vscode/extensions/ewen-lbh.vscode-hyprls-0.4.1/node_modules/vscode-languageclient/lib/node/main.js:150:22)
    at Object.deactivate (/home/jost/.vscode/extensions/ewen-lbh.vscode-hyprls-0.4.1/out/extension.js:47:19)
    at zz.eb (file:///opt/visual-studio-code/resources/app/out/vs/workbench/api/node/extensionHostProcess.js:119:11724)
    at file:///opt/visual-studio-code/resources/app/out/vs/workbench/api/node/extensionHostProcess.js:119:9874
    at Array.map (<anonymous>)
    at zz.$ (file:///opt/visual-studio-code/resources/app/out/vs/workbench/api/node/extensionHostProcess.js:119:9862)
    at zz.terminate (file:///opt/visual-studio-code/resources/app/out/vs/workbench/api/node/extensionHostProcess.js:119:10105)
    at QC.terminate (file:///opt/visual-studio-code/resources/app/out/vs/workbench/api/node/extensionHostProcess.js:120:1424)
    at Zi (file:///opt/visual-studio-code/resources/app/out/vs/workbench/api/node/extensionHostProcess.js:175:15080)
    at MessagePortMain.<anonymous> (file:///opt/visual-studio-code/resources/app/out/vs/workbench/api/node/extensionHostProcess.js:175:11628)
    at MessagePortMain.emit (node:events:518:28)
    at Object.MessagePortMain._internalPort.emit (node:electron/js2c/utility_init:2:2949)
2025-01-25 14:28:10.715 [info] Extension host with pid 15550 exiting with code 0
