2025-01-22 10:23:14.195 [warning] Via 'product.json#extensionEnabledApiProposals' extension 'ms-vscode.vscode-selfhost-test-provider' wants API proposal 'attributableCoverage' but that proposal DOES NOT EXIST. Likely, the proposal has been finalized (check 'vscode.d.ts') or was abandoned.
2025-01-22 10:23:14.195 [warning] Via 'product.json#extensionEnabledApiProposals' extension 'ms-python.python' wants API proposal 'contribIssueReporter' but that proposal DOES NOT EXIST. Likely, the proposal has been finalized (check 'vscode.d.ts') or was abandoned.
2025-01-22 10:23:14.196 [warning] Via 'product.json#extensionEnabledApiProposals' extension 'ms-python.debugpy' wants API proposal 'contribIssueReporter' but that proposal DOES NOT EXIST. Likely, the proposal has been finalized (check 'vscode.d.ts') or was abandoned.
2025-01-22 10:23:15.154 [info] Started local extension host with pid 30712.
2025-01-22 10:23:16.418 [error] Extension 'ms-vscode.cpptools' wants API proposal 'lmTools' but that proposal DOES NOT EXIST. Likely, the proposal has been finalized (check 'vscode.d.ts') or was abandoned.
2025-01-22 10:23:16.585 [warning] [redhat.vscode-yaml]: Cannot register 'redhat.telemetry.enabled'. This property is already registered.
2025-01-22 10:23:16.590 [warning] [twxs.cmake]: Cannot register 'cmake.cmakePath'. This property is already registered.
2025-01-22 10:23:18.531 [info] Settings Sync: Token updated for the account Jost221
2025-01-22 10:23:18.695 [info] Settings Sync: Account status changed from uninitialized to available
2025-01-22 10:23:29.990 [info] Settings Sync: Token updated for the account Jost221
2025-01-22 10:23:57.486 [info] [perf] Render performance baseline is 42ms
2025-01-22 10:23:57.668 [error] [network] #1: https://api.github.com/copilot_internal/user - error GET Failed to fetch
2025-01-22 10:23:57.669 [error] [chat setup] request: error TypeError: Failed to fetch
2025-01-22 10:23:59.191 [error] [network] #2: https://main.vscode-cdn.net/extensions/chat.json - error GET Failed to fetch
2025-01-22 10:23:59.193 [warning] Failed to fetch chat participant registry Failed to fetch
2025-01-22 10:24:06.586 [error] [network] #4: https://www.vscode-unpkg.net/_gallery/1yib/rust-bundle/latest - error GET Fetch timeout: 10000ms
2025-01-22 10:24:06.589 [error] [network] #5: https://www.vscode-unpkg.net/_gallery/amodio/tsl-problem-matcher/latest - error GET Fetch timeout: 10000ms
2025-01-22 10:24:06.591 [error] [network] #6: https://www.vscode-unpkg.net/_gallery/bianxianyang/htmlplay/latest - error GET Fetch timeout: 10000ms
2025-01-22 10:24:06.593 [error] [network] #7: https://www.vscode-unpkg.net/_gallery/bigmogician/xdml-vscode/latest - error GET Fetch timeout: 10000ms
2025-01-22 10:24:06.596 [error] [network] #8: https://www.vscode-unpkg.net/_gallery/christian-kohler/npm-intellisense/latest - error GET Fetch timeout: 10000ms
2025-01-22 10:24:06.598 [error] [network] #9: https://www.vscode-unpkg.net/_gallery/circlecodesolution/ccs-flutter-color/latest - error GET Fetch timeout: 10000ms
2025-01-22 10:24:06.601 [error] [network] #10: https://www.vscode-unpkg.net/_gallery/danielpinto8zz6/c-cpp-compile-run/latest - error GET Fetch timeout: 10000ms
2025-01-22 10:24:06.603 [error] [network] #11: https://www.vscode-unpkg.net/_gallery/dbaeumer/vscode-eslint/latest - error GET Fetch timeout: 10000ms
2025-01-22 10:24:06.604 [error] [network] #12: https://www.vscode-unpkg.net/_gallery/dustypomerleau/rust-syntax/latest - error GET Fetch timeout: 10000ms
2025-01-22 10:24:06.606 [error] [network] #13: https://www.vscode-unpkg.net/_gallery/ewen-lbh/hyprland/latest - error GET Fetch timeout: 10000ms
2025-01-22 10:24:06.607 [error] [network] #14: https://www.vscode-unpkg.net/_gallery/ewen-lbh/vscode-hyprls/latest - error GET Fetch timeout: 10000ms
2025-01-22 10:24:06.608 [error] [network] #15: https://www.vscode-unpkg.net/_gallery/eww-yuck/yuck/latest - error GET Fetch timeout: 10000ms
2025-01-22 10:24:06.609 [error] [network] #16: https://www.vscode-unpkg.net/_gallery/fill-labs/dependi/latest - error GET Fetch timeout: 10000ms
2025-01-22 10:24:06.610 [error] [network] #17: https://www.vscode-unpkg.net/_gallery/fireblast/hyprlang-vscode/latest - error GET Fetch timeout: 10000ms
2025-01-22 10:24:06.611 [error] [network] #18: https://www.vscode-unpkg.net/_gallery/formulahendry/auto-close-tag/latest - error GET Fetch timeout: 10000ms
2025-01-22 10:24:06.612 [error] [network] #19: https://www.vscode-unpkg.net/_gallery/formulahendry/auto-rename-tag/latest - error GET Fetch timeout: 10000ms
2025-01-22 10:24:06.615 [error] [network] #20: https://www.vscode-unpkg.net/_gallery/formulahendry/code-runner/latest - error GET Fetch timeout: 10000ms
2025-01-22 10:24:06.616 [error] [network] #21: https://www.vscode-unpkg.net/_gallery/franneck94/c-cpp-runner/latest - error GET Fetch timeout: 10000ms
2025-01-22 10:24:06.616 [error] [network] #22: https://www.vscode-unpkg.net/_gallery/github/github-vscode-theme/latest - error GET Fetch timeout: 10000ms
2025-01-22 10:24:06.617 [error] [network] #23: https://www.vscode-unpkg.net/_gallery/jeff-hykin/better-cpp-syntax/latest - error GET Fetch timeout: 10000ms
2025-01-22 10:24:06.617 [error] [network] #24: https://www.vscode-unpkg.net/_gallery/kamikillerto/vscode-colorize/latest - error GET Fetch timeout: 10000ms
2025-01-22 10:24:06.618 [error] [network] #25: https://www.vscode-unpkg.net/_gallery/lintangwisesa/arduino/latest - error GET Fetch timeout: 10000ms
2025-01-22 10:24:06.619 [error] [network] #26: https://www.vscode-unpkg.net/_gallery/lorenzopirro/rust-flash-snippets/latest - error GET Fetch timeout: 10000ms
2025-01-22 10:24:06.620 [error] [network] #27: https://www.vscode-unpkg.net/_gallery/moozzyk/arduino/latest - error GET Fetch timeout: 10000ms
2025-01-22 10:24:06.621 [error] [network] #28: https://www.vscode-unpkg.net/_gallery/ms-python/autopep8/latest - error GET Fetch timeout: 10000ms
2025-01-22 10:24:06.622 [error] [network] #29: https://www.vscode-unpkg.net/_gallery/ms-python/debugpy/latest - error GET Fetch timeout: 10000ms
2025-01-22 10:24:06.623 [error] [network] #30: https://www.vscode-unpkg.net/_gallery/ms-python/isort/latest - error GET Fetch timeout: 10000ms
2025-01-22 10:24:06.624 [error] [network] #31: https://www.vscode-unpkg.net/_gallery/ms-python/python/latest - error GET Fetch timeout: 10000ms
2025-01-22 10:24:06.625 [error] [network] #32: https://www.vscode-unpkg.net/_gallery/ms-python/vscode-pylance/latest - error GET Fetch timeout: 10000ms
2025-01-22 10:24:06.625 [error] [network] #33: https://www.vscode-unpkg.net/_gallery/ms-vscode/cmake-tools/latest - error GET Fetch timeout: 10000ms
2025-01-22 10:24:06.626 [error] [network] #34: https://www.vscode-unpkg.net/_gallery/ms-vscode/cpptools/latest - error GET Fetch timeout: 10000ms
2025-01-22 10:24:06.630 [error] [network] #35: https://www.vscode-unpkg.net/_gallery/ms-vscode/cpptools-extension-pack/latest - error GET Fetch timeout: 10000ms
2025-01-22 10:24:06.630 [error] [network] #36: https://www.vscode-unpkg.net/_gallery/ms-vscode/cpptools-themes/latest - error GET Fetch timeout: 10000ms
2025-01-22 10:24:06.631 [error] [network] #37: https://www.vscode-unpkg.net/_gallery/ms-vscode/extension-test-runner/latest - error GET Fetch timeout: 10000ms
2025-01-22 10:24:06.632 [error] [network] #38: https://www.vscode-unpkg.net/_gallery/ms-vscode/hexeditor/latest - error GET Fetch timeout: 10000ms
2025-01-22 10:24:06.633 [error] [network] #39: https://www.vscode-unpkg.net/_gallery/ms-vscode/live-server/latest - error GET Fetch timeout: 10000ms
2025-01-22 10:24:06.634 [error] [network] #40: https://www.vscode-unpkg.net/_gallery/ms-vscode/vscode-serial-monitor/latest - error GET Fetch timeout: 10000ms
2025-01-22 10:24:06.634 [error] [network] #41: https://www.vscode-unpkg.net/_gallery/noesistechnologies/noesisgui-tools/latest - error GET Fetch timeout: 10000ms
2025-01-22 10:24:06.635 [error] [network] #42: https://www.vscode-unpkg.net/_gallery/pkief/material-icon-theme/latest - error GET Fetch timeout: 10000ms
2025-01-22 10:24:06.637 [error] [network] #43: https://www.vscode-unpkg.net/_gallery/qwtel/sqlite-viewer/latest - error GET Fetch timeout: 10000ms
2025-01-22 10:24:06.638 [error] [network] #44: https://www.vscode-unpkg.net/_gallery/redhat/vscode-xml/latest - error GET Fetch timeout: 10000ms
2025-01-22 10:24:06.639 [error] [network] #45: https://www.vscode-unpkg.net/_gallery/redhat/vscode-yaml/latest - error GET Fetch timeout: 10000ms
2025-01-22 10:24:06.639 [error] [network] #46: https://www.vscode-unpkg.net/_gallery/ronaldosena/arduino-snippets/latest - error GET Fetch timeout: 10000ms
2025-01-22 10:24:06.640 [error] [network] #47: https://www.vscode-unpkg.net/_gallery/rust-lang/rust-analyzer/latest - error GET Fetch timeout: 10000ms
2025-01-22 10:24:06.641 [error] [network] #48: https://www.vscode-unpkg.net/_gallery/samuelcolvin/jinjahtml/latest - error GET Fetch timeout: 10000ms
2025-01-22 10:24:06.642 [error] [network] #49: https://www.vscode-unpkg.net/_gallery/swellaby/rust-pack/latest - error GET Fetch timeout: 10000ms
2025-01-22 10:24:06.643 [error] [network] #50: https://www.vscode-unpkg.net/_gallery/tabnine/tabnine-vscode/latest - error GET Fetch timeout: 10000ms
2025-01-22 10:24:06.644 [error] [network] #51: https://www.vscode-unpkg.net/_gallery/tamasfe/even-better-toml/latest - error GET Fetch timeout: 10000ms
2025-01-22 10:24:06.645 [error] [network] #52: https://www.vscode-unpkg.net/_gallery/tauri-apps/tauri-vscode/latest - error GET Fetch timeout: 10000ms
2025-01-22 10:24:06.647 [error] [network] #53: https://www.vscode-unpkg.net/_gallery/twxs/cmake/latest - error GET Fetch timeout: 10000ms
2025-01-22 10:24:06.650 [error] [network] #54: https://www.vscode-unpkg.net/_gallery/tyriar/luna-paint/latest - error GET Fetch timeout: 10000ms
2025-01-22 10:24:06.651 [error] [network] #55: https://www.vscode-unpkg.net/_gallery/usernamehw/errorlens/latest - error GET Fetch timeout: 10000ms
2025-01-22 10:24:06.653 [error] [network] #56: https://www.vscode-unpkg.net/_gallery/vadimcn/vscode-lldb/latest - error GET Fetch timeout: 10000ms
2025-01-22 10:24:06.654 [error] [network] #57: https://www.vscode-unpkg.net/_gallery/vscode-arduino/vscode-arduino-community/latest - error GET Fetch timeout: 10000ms
2025-01-22 10:24:06.664 [error] [network] #58: https://www.vscode-unpkg.net/_gallery/wholroyd/jinja/latest - error GET Fetch timeout: 10000ms
2025-01-22 10:24:10.025 [error] [network] #3: https://vscode-sync.trafficmanager.net/v1/resource/editSessions/latest - error GET Failed to fetch
2025-01-22 10:24:39.771 [error] [network] #59: https://marketplace.visualstudio.com/_apis/public/gallery/extensionquery - error POST Offline
