2025-01-25 14:28:20.532 [info] Reading sessions from keychain...
2025-01-25 14:28:20.533 [info] Getting sessions for all scopes...
2025-01-25 14:28:20.533 [info] Getting sessions for all scopes...
2025-01-25 14:28:20.533 [info] Getting sessions for all scopes...
2025-01-25 14:28:20.533 [info] Got stored sessions!
2025-01-25 14:28:20.533 [info] Got 1 verified sessions.
2025-01-25 14:28:20.533 [info] Got 1 sessions for ...
2025-01-25 14:28:20.533 [info] Got 1 sessions for ...
2025-01-25 14:28:20.533 [info] Got 1 sessions for ...
2025-01-25 14:28:20.533 [info] Getting sessions for all scopes...
2025-01-25 14:28:20.533 [info] Got 1 sessions for ...
2025-01-25 14:28:20.533 [info] Getting sessions for all scopes...
2025-01-25 14:28:20.533 [info] Got 1 sessions for ...
2025-01-25 14:28:20.533 [info] Getting sessions for all scopes...
2025-01-25 14:28:20.533 [info] Got 1 sessions for ...
2025-01-25 14:28:20.533 [info] Getting sessions for all scopes...
2025-01-25 14:28:20.533 [info] Got 1 sessions for ...
2025-01-25 14:28:20.533 [info] Getting sessions for all scopes...
2025-01-25 14:28:20.533 [info] Got 1 sessions for ...
2025-01-25 14:28:20.533 [info] Getting sessions for user:email...
2025-01-25 14:28:20.533 [info] Got 1 sessions for user:email...
2025-01-25 14:28:23.206 [info] Getting sessions for all scopes...
2025-01-25 14:28:23.206 [info] Got 1 sessions for ...
2025-01-25 14:28:24.529 [info] Getting sessions for user:email...
2025-01-25 14:28:24.529 [info] Got 1 sessions for user:email...
2025-01-25 14:28:24.998 [info] Getting sessions for user:email...
2025-01-25 14:28:24.998 [info] Got 1 sessions for user:email...
