2025-01-26 14:41:06.923 [info] Reading sessions from keychain...
2025-01-26 14:41:06.923 [info] Getting sessions for all scopes...
2025-01-26 14:41:06.923 [info] Getting sessions for all scopes...
2025-01-26 14:41:06.923 [info] Getting sessions for all scopes...
2025-01-26 14:41:06.923 [info] Getting sessions for all scopes...
2025-01-26 14:41:06.923 [info] Getting sessions for all scopes...
2025-01-26 14:41:06.923 [info] Getting sessions for all scopes...
2025-01-26 14:41:06.923 [info] Getting sessions for all scopes...
2025-01-26 14:41:06.923 [info] Got stored sessions!
2025-01-26 14:41:06.923 [info] Got 1 verified sessions.
2025-01-26 14:41:06.923 [info] Got 1 sessions for ...
2025-01-26 14:41:06.923 [info] Got 1 sessions for ...
2025-01-26 14:41:06.923 [info] Got 1 sessions for ...
2025-01-26 14:41:06.923 [info] Got 1 sessions for ...
2025-01-26 14:41:06.923 [info] Got 1 sessions for ...
2025-01-26 14:41:06.923 [info] Got 1 sessions for ...
2025-01-26 14:41:06.923 [info] Got 1 sessions for ...
2025-01-26 14:41:08.165 [info] Getting sessions for user:email...
2025-01-26 14:41:08.165 [info] Got 1 sessions for user:email...
2025-01-26 14:41:08.947 [info] Getting sessions for all scopes...
2025-01-26 14:41:08.947 [info] Got 1 sessions for ...
2025-01-26 14:41:09.274 [info] Getting sessions for user:email...
2025-01-26 14:41:09.274 [info] Got 1 sessions for user:email...
2025-01-26 14:41:09.399 [info] Getting sessions for user:email...
2025-01-26 14:41:09.399 [info] Got 1 sessions for user:email...
