2025-01-29 02:51:24.286 [info] Deleted uninstalled extension from disk ms-vscode.cpptools /home/jost/.vscode/extensions/ms-vscode.cpptools-1.22.11-linux-x64
2025-01-29 02:51:27.741 [info] Getting Manifest... rust-lang.rust-analyzer
2025-01-29 02:51:27.742 [info] Getting Manifest... tabnine.tabnine-vscode
2025-01-29 02:51:27.746 [info] Getting Manifest... usernamehw.errorlens
2025-01-29 02:51:28.365 [info] Installing extension: usernamehw.errorlens {"productVersion":{"version":"1.96.3","date":"2025-01-09T18:14:09.060Z"},"pinned":false,"operation":3,"isApplicationScoped":false,"profileLocation":{"$mid":1,"external":"vscode-userdata:/home/jost/.vscode/extensions/extensions.json","path":"/home/jost/.vscode/extensions/extensions.json","scheme":"vscode-userdata"},"installOnlyNewlyAddedFromExtensionPack":true}
2025-01-29 02:51:28.402 [info] Installing extension: rust-lang.rust-analyzer {"installPreReleaseVersion":true,"productVersion":{"version":"1.96.3","date":"2025-01-09T18:14:09.060Z"},"pinned":false,"operation":3,"isApplicationScoped":false,"profileLocation":{"$mid":1,"external":"vscode-userdata:/home/jost/.vscode/extensions/extensions.json","path":"/home/jost/.vscode/extensions/extensions.json","scheme":"vscode-userdata"},"installOnlyNewlyAddedFromExtensionPack":true}
2025-01-29 02:51:28.404 [info] Installing extension: tabnine.tabnine-vscode {"productVersion":{"version":"1.96.3","date":"2025-01-09T18:14:09.060Z"},"pinned":false,"operation":3,"isApplicationScoped":false,"profileLocation":{"$mid":1,"external":"vscode-userdata:/home/jost/.vscode/extensions/extensions.json","path":"/home/jost/.vscode/extensions/extensions.json","scheme":"vscode-userdata"},"installOnlyNewlyAddedFromExtensionPack":true}
2025-01-29 02:51:29.281 [info] Extension signature verification result for usernamehw.errorlens: UnknownError. Executed: true. Duration: 58ms.
2025-01-29 02:51:29.335 [info] Extracted extension to file:///home/jost/.vscode/extensions/usernamehw.errorlens-3.22.1: usernamehw.errorlens
2025-01-29 02:51:29.343 [info] Renamed to /home/jost/.vscode/extensions/usernamehw.errorlens-3.22.1
2025-01-29 02:51:29.386 [info] Marked extension as uninstalled usernamehw.errorlens-3.22.0
2025-01-29 02:51:29.408 [info] Extension installed successfully: usernamehw.errorlens vscode-userdata:/home/jost/.vscode/extensions/extensions.json
2025-01-29 02:51:29.453 [error] [uncaught exception in sharedProcess]: Error: ENOENT: no such file or directory, stat '/home/jost/.vscode/extensions/extensions.json.vsctmp': EntryNotFound (FileSystemError): Error: ENOENT: no such file or directory, stat '/home/jost/.vscode/extensions/extensions.json.vsctmp'
    at Gm.create (file:///opt/visual-studio-code/resources/app/out/vs/code/electron-utility/sharedProcess/sharedProcessMain.js:35:39624)
    at xs (file:///opt/visual-studio-code/resources/app/out/vs/code/electron-utility/sharedProcess/sharedProcessMain.js:35:39731)
    at Vr.ib (file:///opt/visual-studio-code/resources/app/out/vs/code/electron-utility/sharedProcess/sharedProcessMain.js:78:22778)
    at Vr.stat (file:///opt/visual-studio-code/resources/app/out/vs/code/electron-utility/sharedProcess/sharedProcessMain.js:78:16010)
    at async wh.stat (file:///opt/visual-studio-code/resources/app/out/vs/code/electron-utility/sharedProcess/sharedProcessMain.js:77:85488)
    at async fh.Ab (file:///opt/visual-studio-code/resources/app/out/vs/code/electron-utility/sharedProcess/sharedProcessMain.js:77:67180)
2025-01-29 02:51:30.558 [info] Extension signature verification result for tabnine.tabnine-vscode: UnknownError. Executed: true. Duration: 30ms.
2025-01-29 02:51:30.823 [info] Extracted extension to file:///home/jost/.vscode/extensions/tabnine.tabnine-vscode-3.227.0: tabnine.tabnine-vscode
2025-01-29 02:51:30.832 [info] Renamed to /home/jost/.vscode/extensions/tabnine.tabnine-vscode-3.227.0
2025-01-29 02:51:30.867 [info] Marked extension as uninstalled tabnine.tabnine-vscode-3.226.0
2025-01-29 02:51:30.900 [info] Extension installed successfully: tabnine.tabnine-vscode vscode-userdata:/home/jost/.vscode/extensions/extensions.json
2025-01-29 02:51:30.916 [error] [uncaught exception in sharedProcess]: Error: ENOENT: no such file or directory, stat '/home/jost/.vscode/extensions/extensions.json.vsctmp': EntryNotFound (FileSystemError): Error: ENOENT: no such file or directory, stat '/home/jost/.vscode/extensions/extensions.json.vsctmp'
    at Gm.create (file:///opt/visual-studio-code/resources/app/out/vs/code/electron-utility/sharedProcess/sharedProcessMain.js:35:39624)
    at xs (file:///opt/visual-studio-code/resources/app/out/vs/code/electron-utility/sharedProcess/sharedProcessMain.js:35:39731)
    at Vr.ib (file:///opt/visual-studio-code/resources/app/out/vs/code/electron-utility/sharedProcess/sharedProcessMain.js:78:22778)
    at Vr.stat (file:///opt/visual-studio-code/resources/app/out/vs/code/electron-utility/sharedProcess/sharedProcessMain.js:78:16010)
    at async wh.stat (file:///opt/visual-studio-code/resources/app/out/vs/code/electron-utility/sharedProcess/sharedProcessMain.js:77:85488)
    at async fh.Ab (file:///opt/visual-studio-code/resources/app/out/vs/code/electron-utility/sharedProcess/sharedProcessMain.js:77:67180)
2025-01-29 02:51:32.246 [info] Extension signature verification result for rust-lang.rust-analyzer: UnknownError. Executed: true. Duration: 8ms.
2025-01-29 02:51:33.304 [info] Extracted extension to file:///home/jost/.vscode/extensions/rust-lang.rust-analyzer-0.4.2283-linux-x64: rust-lang.rust-analyzer
2025-01-29 02:51:33.325 [info] Renamed to /home/jost/.vscode/extensions/rust-lang.rust-analyzer-0.4.2283-linux-x64
2025-01-29 02:51:33.438 [info] Marked extension as uninstalled rust-lang.rust-analyzer-0.4.2280-linux-x64
2025-01-29 02:51:33.464 [error] [uncaught exception in sharedProcess]: Error: ENOENT: no such file or directory, stat '/home/jost/.vscode/extensions/extensions.json.vsctmp': EntryNotFound (FileSystemError): Error: ENOENT: no such file or directory, stat '/home/jost/.vscode/extensions/extensions.json.vsctmp'
    at Gm.create (file:///opt/visual-studio-code/resources/app/out/vs/code/electron-utility/sharedProcess/sharedProcessMain.js:35:39624)
    at xs (file:///opt/visual-studio-code/resources/app/out/vs/code/electron-utility/sharedProcess/sharedProcessMain.js:35:39731)
    at Vr.ib (file:///opt/visual-studio-code/resources/app/out/vs/code/electron-utility/sharedProcess/sharedProcessMain.js:78:22778)
    at Vr.stat (file:///opt/visual-studio-code/resources/app/out/vs/code/electron-utility/sharedProcess/sharedProcessMain.js:78:16010)
    at async wh.stat (file:///opt/visual-studio-code/resources/app/out/vs/code/electron-utility/sharedProcess/sharedProcessMain.js:77:85488)
    at async fh.Ab (file:///opt/visual-studio-code/resources/app/out/vs/code/electron-utility/sharedProcess/sharedProcessMain.js:77:67180)
2025-01-29 02:51:33.469 [info] Extension installed successfully: rust-lang.rust-analyzer vscode-userdata:/home/jost/.vscode/extensions/extensions.json
