2025-01-27 00:26:23.238 [info] Reading sessions from keychain...
2025-01-27 00:26:23.238 [info] Getting sessions for all scopes...
2025-01-27 00:26:23.238 [info] Getting sessions for all scopes...
2025-01-27 00:26:23.238 [info] Getting sessions for user:email...
2025-01-27 00:26:23.238 [info] Getting sessions for all scopes...
2025-01-27 00:26:23.238 [info] Getting sessions for all scopes...
2025-01-27 00:26:23.238 [info] Getting sessions for all scopes...
2025-01-27 00:26:23.238 [info] Getting sessions for all scopes...
2025-01-27 00:26:23.238 [info] Getting sessions for all scopes...
2025-01-27 00:26:23.238 [info] Got stored sessions!
2025-01-27 00:26:23.238 [info] Got 1 verified sessions.
2025-01-27 00:26:23.238 [info] Got 1 sessions for ...
2025-01-27 00:26:23.238 [info] Got 1 sessions for ...
2025-01-27 00:26:23.238 [info] Got 1 sessions for user:email...
2025-01-27 00:26:23.238 [info] Got 1 sessions for ...
2025-01-27 00:26:23.238 [info] Got 1 sessions for ...
2025-01-27 00:26:23.238 [info] Got 1 sessions for ...
2025-01-27 00:26:23.238 [info] Got 1 sessions for ...
2025-01-27 00:26:23.238 [info] Got 1 sessions for ...
2025-01-27 00:26:23.238 [info] Getting sessions for all scopes...
2025-01-27 00:26:23.238 [info] Got 1 sessions for ...
2025-01-27 00:26:24.353 [info] Getting sessions for user:email...
2025-01-27 00:26:24.353 [info] Got 1 sessions for user:email...
2025-01-27 00:26:24.470 [info] Getting sessions for user:email...
2025-01-27 00:26:24.470 [info] Got 1 sessions for user:email...
