2025-01-26 04:32:33.931 [info] Reading sessions from keychain...
2025-01-26 04:32:33.931 [info] Getting sessions for all scopes...
2025-01-26 04:32:33.931 [info] Getting sessions for all scopes...
2025-01-26 04:32:33.931 [info] Getting sessions for all scopes...
2025-01-26 04:32:33.931 [info] Getting sessions for all scopes...
2025-01-26 04:32:33.931 [info] Getting sessions for all scopes...
2025-01-26 04:32:33.931 [info] Getting sessions for all scopes...
2025-01-26 04:32:33.931 [info] Getting sessions for all scopes...
2025-01-26 04:32:34.466 [info] Got stored sessions!
2025-01-26 04:32:34.466 [info] Got 1 verified sessions.
2025-01-26 04:32:34.466 [info] Got 1 sessions for ...
2025-01-26 04:32:34.466 [info] Got 1 sessions for ...
2025-01-26 04:32:34.466 [info] Got 1 sessions for ...
2025-01-26 04:32:34.466 [info] Got 1 sessions for ...
2025-01-26 04:32:34.466 [info] Got 1 sessions for ...
2025-01-26 04:32:34.466 [info] Got 1 sessions for ...
2025-01-26 04:32:34.466 [info] Got 1 sessions for ...
2025-01-26 04:32:35.476 [info] Getting sessions for user:email...
2025-01-26 04:32:35.477 [info] Got 1 sessions for user:email...
2025-01-26 04:32:37.709 [info] Getting sessions for all scopes...
2025-01-26 04:32:37.709 [info] Got 1 sessions for ...
2025-01-26 04:32:38.062 [info] Getting sessions for user:email...
2025-01-26 04:32:38.062 [info] Got 1 sessions for user:email...
2025-01-26 04:32:38.071 [info] Getting sessions for user:email...
2025-01-26 04:32:38.071 [info] Got 1 sessions for user:email...
