2025-01-29 02:51:25.238 [info] Reading sessions from keychain...
2025-01-29 02:51:25.238 [info] Getting sessions for all scopes...
2025-01-29 02:51:25.238 [info] Getting sessions for all scopes...
2025-01-29 02:51:25.248 [info] Getting sessions for all scopes...
2025-01-29 02:51:25.248 [info] Getting sessions for all scopes...
2025-01-29 02:51:25.248 [info] Getting sessions for all scopes...
2025-01-29 02:51:25.248 [info] Getting sessions for all scopes...
2025-01-29 02:51:25.248 [info] Getting sessions for all scopes...
2025-01-29 02:51:25.248 [info] Got stored sessions!
2025-01-29 02:51:25.248 [info] Got 1 verified sessions.
2025-01-29 02:51:25.248 [info] Got 1 sessions for ...
2025-01-29 02:51:25.248 [info] Got 1 sessions for ...
2025-01-29 02:51:25.248 [info] Got 1 sessions for ...
2025-01-29 02:51:25.248 [info] Got 1 sessions for ...
2025-01-29 02:51:25.248 [info] Got 1 sessions for ...
2025-01-29 02:51:25.248 [info] Got 1 sessions for ...
2025-01-29 02:51:25.248 [info] Got 1 sessions for ...
2025-01-29 02:51:25.996 [info] Getting sessions for user:email...
2025-01-29 02:51:25.996 [info] Got 1 sessions for user:email...
2025-01-29 02:51:26.938 [info] Getting sessions for all scopes...
2025-01-29 02:51:26.938 [info] Got 1 sessions for ...
