2025-01-25 14:28:19.498 [info] Extension host with pid 27865 started
2025-01-25 14:28:19.498 [info] Skipping acquiring lock for /home/jost/.config/Code/User/workspaceStorage/f682da843d10cddeb0effd39e2ac3044.
2025-01-25 14:28:20.102 [info] ExtensionService#_doActivateExtension vscode.github-authentication, startup: false, activationEvent: 'onAuthenticationRequest:github'
2025-01-25 14:28:20.370 [info] ExtensionService#_doActivateExtension vscode.git-base, startup: true, activationEvent: '*'
2025-01-25 14:28:20.381 [info] ExtensionService#_doActivateExtension formulahendry.auto-close-tag, startup: true, activationEvent: '*'
2025-01-25 14:28:20.384 [info] ExtensionService#_doActivateExtension formulahendry.auto-rename-tag, startup: true, activationEvent: '*'
2025-01-25 14:28:21.061 [info] ExtensionService#_doActivateExtension vscode.github, startup: true, activationEvent: '*'
2025-01-25 14:28:21.270 [info] Eager extensions activated
2025-01-25 14:28:21.355 [info] ExtensionService#_doActivateExtension vscode.microsoft-authentication, startup: false, activationEvent: 'onAuthenticationRequest:microsoft'
2025-01-25 14:28:21.492 [info] ExtensionService#_doActivateExtension vscode.debug-auto-launch, startup: false, activationEvent: 'onStartupFinished'
2025-01-25 14:28:21.496 [info] ExtensionService#_doActivateExtension vscode.merge-conflict, startup: false, activationEvent: 'onStartupFinished'
2025-01-25 14:28:21.541 [info] ExtensionService#_doActivateExtension PKief.material-icon-theme, startup: false, activationEvent: 'onStartupFinished'
2025-01-25 14:28:22.582 [info] ExtensionService#_doActivateExtension vscode.configuration-editing, startup: false, activationEvent: 'onLanguage:jsonc'
2025-01-25 14:28:22.617 [info] ExtensionService#_doActivateExtension vscode.json-language-features, startup: false, activationEvent: 'onLanguage:jsonc'
2025-01-25 14:28:22.801 [info] ExtensionService#_doActivateExtension vscode.typescript-language-features, startup: false, activationEvent: 'onLanguage:jsonc'
2025-01-25 14:28:22.899 [info] ExtensionService#_doActivateExtension vscode.emmet, startup: false, activationEvent: 'onLanguage'
2025-01-25 14:28:24.368 [info] ExtensionService#_doActivateExtension vscode.git, startup: false, activationEvent: 'api', root cause: vscode.github
2025-01-25 14:28:24.792 [info] ExtensionService#_doActivateExtension circlecodesolution.ccs-flutter-color, startup: false, activationEvent: 'onStartupFinished'
2025-01-25 14:28:24.797 [info] ExtensionService#_doActivateExtension dbaeumer.vscode-eslint, startup: false, activationEvent: 'onStartupFinished'
2025-01-25 14:28:24.871 [info] ExtensionService#_doActivateExtension formulahendry.code-runner, startup: false, activationEvent: 'onStartupFinished'
2025-01-25 14:28:24.892 [info] ExtensionService#_doActivateExtension kamikillerto.vscode-colorize, startup: false, activationEvent: '*'
2025-01-25 14:28:24.954 [info] ExtensionService#_doActivateExtension usernamehw.errorlens, startup: false, activationEvent: 'onStartupFinished'
2025-01-25 14:28:24.963 [info] ExtensionService#_doActivateExtension vadimcn.vscode-lldb, startup: false, activationEvent: 'onStartupFinished'
2025-01-25 14:28:42.186 [info] ExtensionService#_doActivateExtension ewen-lbh.vscode-hyprls, startup: false, activationEvent: 'onLanguage:hyprlang'
2025-01-25 14:28:42.311 [info] ExtensionService#_doActivateExtension fireblast.hyprlang-vscode, startup: false, activationEvent: 'onLanguage:hyprlang'
2025-01-25 14:28:43.407 [error] Launching server using command hyprls failed. Error: spawn hyprls ENOENT
2025-01-25 14:31:00.643 [info] ExtensionService#_doActivateExtension eww-yuck.yuck, startup: false, activationEvent: 'onLanguage:yuck'
2025-01-25 16:05:02.430 [info] Extension host terminating: renderer closed the MessagePort
2025-01-25 16:05:02.545 [error] Error: Client is not running and can't be stopped. It's current state is: startFailed
    at LanguageClient.shutdown (/home/jost/.vscode/extensions/ewen-lbh.vscode-hyprls-0.4.1/node_modules/vscode-languageclient/lib/common/client.js:964:19)
    at LanguageClient.stop (/home/jost/.vscode/extensions/ewen-lbh.vscode-hyprls-0.4.1/node_modules/vscode-languageclient/lib/common/client.js:935:21)
    at LanguageClient.stop (/home/jost/.vscode/extensions/ewen-lbh.vscode-hyprls-0.4.1/node_modules/vscode-languageclient/lib/node/main.js:150:22)
    at Object.deactivate (/home/jost/.vscode/extensions/ewen-lbh.vscode-hyprls-0.4.1/out/extension.js:47:19)
    at zz.eb (file:///opt/visual-studio-code/resources/app/out/vs/workbench/api/node/extensionHostProcess.js:119:11724)
    at file:///opt/visual-studio-code/resources/app/out/vs/workbench/api/node/extensionHostProcess.js:119:9874
    at Array.map (<anonymous>)
    at zz.$ (file:///opt/visual-studio-code/resources/app/out/vs/workbench/api/node/extensionHostProcess.js:119:9862)
    at zz.terminate (file:///opt/visual-studio-code/resources/app/out/vs/workbench/api/node/extensionHostProcess.js:119:10105)
    at QC.terminate (file:///opt/visual-studio-code/resources/app/out/vs/workbench/api/node/extensionHostProcess.js:120:1424)
    at Zi (file:///opt/visual-studio-code/resources/app/out/vs/workbench/api/node/extensionHostProcess.js:175:15080)
    at MessagePortMain.<anonymous> (file:///opt/visual-studio-code/resources/app/out/vs/workbench/api/node/extensionHostProcess.js:175:11628)
    at MessagePortMain.emit (node:events:518:28)
    at Object.MessagePortMain._internalPort.emit (node:electron/js2c/utility_init:2:2949)
2025-01-25 16:05:02.547 [info] Extension host with pid 27865 exiting with code 0
