2025-01-25 14:19:58.532 [info] Getting Manifest... noesistechnologies.noesisgui-tools
2025-01-25 14:19:58.574 [info] Getting Manifest... pkief.material-icon-theme
2025-01-25 14:19:58.575 [info] Getting Manifest... rust-lang.rust-analyzer
2025-01-25 14:19:58.576 [info] Getting Manifest... tabnine.tabnine-vscode
2025-01-25 14:19:58.576 [info] Getting Manifest... vadimcn.vscode-lldb
2025-01-25 14:19:59.085 [info] Installing extension: noesistechnologies.noesisgui-tools {"productVersion":{"version":"1.96.3","date":"2025-01-09T18:14:09.060Z"},"pinned":false,"operation":3,"isApplicationScoped":false,"profileLocation":{"$mid":1,"external":"vscode-userdata:/home/jost/.vscode/extensions/extensions.json","path":"/home/jost/.vscode/extensions/extensions.json","scheme":"vscode-userdata"},"installOnlyNewlyAddedFromExtensionPack":true}
2025-01-25 14:19:59.138 [info] Installing extension: rust-lang.rust-analyzer {"installPreReleaseVersion":true,"productVersion":{"version":"1.96.3","date":"2025-01-09T18:14:09.060Z"},"pinned":false,"operation":3,"isApplicationScoped":false,"profileLocation":{"$mid":1,"external":"vscode-userdata:/home/jost/.vscode/extensions/extensions.json","path":"/home/jost/.vscode/extensions/extensions.json","scheme":"vscode-userdata"},"installOnlyNewlyAddedFromExtensionPack":true}
2025-01-25 14:19:59.173 [info] Installing extension: pkief.material-icon-theme {"productVersion":{"version":"1.96.3","date":"2025-01-09T18:14:09.060Z"},"pinned":false,"operation":3,"isApplicationScoped":false,"profileLocation":{"$mid":1,"external":"vscode-userdata:/home/jost/.vscode/extensions/extensions.json","path":"/home/jost/.vscode/extensions/extensions.json","scheme":"vscode-userdata"},"installOnlyNewlyAddedFromExtensionPack":true}
2025-01-25 14:19:59.267 [info] Installing extension: vadimcn.vscode-lldb {"productVersion":{"version":"1.96.3","date":"2025-01-09T18:14:09.060Z"},"pinned":false,"operation":3,"isApplicationScoped":false,"profileLocation":{"$mid":1,"external":"vscode-userdata:/home/jost/.vscode/extensions/extensions.json","path":"/home/jost/.vscode/extensions/extensions.json","scheme":"vscode-userdata"},"installOnlyNewlyAddedFromExtensionPack":true}
2025-01-25 14:19:59.290 [info] Installing extension: tabnine.tabnine-vscode {"productVersion":{"version":"1.96.3","date":"2025-01-09T18:14:09.060Z"},"pinned":false,"operation":3,"isApplicationScoped":false,"profileLocation":{"$mid":1,"external":"vscode-userdata:/home/jost/.vscode/extensions/extensions.json","path":"/home/jost/.vscode/extensions/extensions.json","scheme":"vscode-userdata"},"installOnlyNewlyAddedFromExtensionPack":true}
2025-01-25 14:20:00.218 [info] Extension signature verification result for pkief.material-icon-theme: UnknownError. Executed: true. Duration: 14ms.
2025-01-25 14:20:00.219 [info] Extension signature verification result for vadimcn.vscode-lldb: UnknownError. Executed: true. Duration: 63ms.
2025-01-25 14:20:00.269 [info] Extracted extension to file:///home/jost/.vscode/extensions/vadimcn.vscode-lldb-1.11.2: vadimcn.vscode-lldb
2025-01-25 14:20:00.279 [info] Renamed to /home/jost/.vscode/extensions/vadimcn.vscode-lldb-1.11.2
2025-01-25 14:20:00.329 [info] Marked extension as uninstalled vadimcn.vscode-lldb-1.11.1
2025-01-25 14:20:00.379 [info] Extension installed successfully: vadimcn.vscode-lldb vscode-userdata:/home/jost/.vscode/extensions/extensions.json
2025-01-25 14:20:00.381 [error] [uncaught exception in sharedProcess]: Error: ENOENT: no such file or directory, stat '/home/jost/.vscode/extensions/extensions.json.vsctmp': EntryNotFound (FileSystemError): Error: ENOENT: no such file or directory, stat '/home/jost/.vscode/extensions/extensions.json.vsctmp'
    at Gm.create (file:///opt/visual-studio-code/resources/app/out/vs/code/electron-utility/sharedProcess/sharedProcessMain.js:35:39624)
    at xs (file:///opt/visual-studio-code/resources/app/out/vs/code/electron-utility/sharedProcess/sharedProcessMain.js:35:39731)
    at Vr.ib (file:///opt/visual-studio-code/resources/app/out/vs/code/electron-utility/sharedProcess/sharedProcessMain.js:78:22778)
    at Vr.stat (file:///opt/visual-studio-code/resources/app/out/vs/code/electron-utility/sharedProcess/sharedProcessMain.js:78:16010)
    at async wh.stat (file:///opt/visual-studio-code/resources/app/out/vs/code/electron-utility/sharedProcess/sharedProcessMain.js:77:85488)
    at async fh.Ab (file:///opt/visual-studio-code/resources/app/out/vs/code/electron-utility/sharedProcess/sharedProcessMain.js:77:67180)
2025-01-25 14:20:00.794 [info] Extension signature verification result for tabnine.tabnine-vscode: UnknownError. Executed: true. Duration: 9ms.
2025-01-25 14:20:01.496 [info] Extracted extension to file:///home/jost/.vscode/extensions/tabnine.tabnine-vscode-3.226.0: tabnine.tabnine-vscode
2025-01-25 14:20:01.582 [info] Renamed to /home/jost/.vscode/extensions/tabnine.tabnine-vscode-3.226.0
2025-01-25 14:20:01.662 [info] Marked extension as uninstalled tabnine.tabnine-vscode-3.224.0
2025-01-25 14:20:01.712 [error] [uncaught exception in sharedProcess]: Error: ENOENT: no such file or directory, stat '/home/jost/.vscode/extensions/extensions.json.vsctmp': EntryNotFound (FileSystemError): Error: ENOENT: no such file or directory, stat '/home/jost/.vscode/extensions/extensions.json.vsctmp'
    at Gm.create (file:///opt/visual-studio-code/resources/app/out/vs/code/electron-utility/sharedProcess/sharedProcessMain.js:35:39624)
    at xs (file:///opt/visual-studio-code/resources/app/out/vs/code/electron-utility/sharedProcess/sharedProcessMain.js:35:39731)
    at Vr.ib (file:///opt/visual-studio-code/resources/app/out/vs/code/electron-utility/sharedProcess/sharedProcessMain.js:78:22778)
    at Vr.stat (file:///opt/visual-studio-code/resources/app/out/vs/code/electron-utility/sharedProcess/sharedProcessMain.js:78:16010)
    at async wh.stat (file:///opt/visual-studio-code/resources/app/out/vs/code/electron-utility/sharedProcess/sharedProcessMain.js:77:85488)
    at async fh.Ab (file:///opt/visual-studio-code/resources/app/out/vs/code/electron-utility/sharedProcess/sharedProcessMain.js:77:67180)
2025-01-25 14:20:01.731 [info] Extension installed successfully: tabnine.tabnine-vscode vscode-userdata:/home/jost/.vscode/extensions/extensions.json
2025-01-25 14:20:02.318 [info] Extension signature verification result for noesistechnologies.noesisgui-tools: UnknownError. Executed: true. Duration: 12ms.
2025-01-25 14:20:02.854 [info] Extracted extension to file:///home/jost/.vscode/extensions/pkief.material-icon-theme-5.18.0: pkief.material-icon-theme
2025-01-25 14:20:02.906 [info] Renamed to /home/jost/.vscode/extensions/pkief.material-icon-theme-5.18.0
2025-01-25 14:20:02.993 [info] Marked extension as uninstalled pkief.material-icon-theme-5.17.0
2025-01-25 14:20:02.996 [info] Extension installed successfully: pkief.material-icon-theme vscode-userdata:/home/jost/.vscode/extensions/extensions.json
2025-01-25 14:20:02.998 [error] [uncaught exception in sharedProcess]: Error: ENOENT: no such file or directory, stat '/home/jost/.vscode/extensions/extensions.json.vsctmp': EntryNotFound (FileSystemError): Error: ENOENT: no such file or directory, stat '/home/jost/.vscode/extensions/extensions.json.vsctmp'
    at Gm.create (file:///opt/visual-studio-code/resources/app/out/vs/code/electron-utility/sharedProcess/sharedProcessMain.js:35:39624)
    at xs (file:///opt/visual-studio-code/resources/app/out/vs/code/electron-utility/sharedProcess/sharedProcessMain.js:35:39731)
    at Vr.ib (file:///opt/visual-studio-code/resources/app/out/vs/code/electron-utility/sharedProcess/sharedProcessMain.js:78:22778)
    at Vr.stat (file:///opt/visual-studio-code/resources/app/out/vs/code/electron-utility/sharedProcess/sharedProcessMain.js:78:16010)
    at async wh.stat (file:///opt/visual-studio-code/resources/app/out/vs/code/electron-utility/sharedProcess/sharedProcessMain.js:77:85488)
    at async fh.Ab (file:///opt/visual-studio-code/resources/app/out/vs/code/electron-utility/sharedProcess/sharedProcessMain.js:77:67180)
2025-01-25 14:20:03.311 [info] Extension signature verification result for rust-lang.rust-analyzer: UnknownError. Executed: true. Duration: 10ms.
2025-01-25 14:20:04.113 [info] Extracted extension to file:///home/jost/.vscode/extensions/rust-lang.rust-analyzer-0.4.2279-linux-x64: rust-lang.rust-analyzer
2025-01-25 14:20:04.128 [info] Renamed to /home/jost/.vscode/extensions/rust-lang.rust-analyzer-0.4.2279-linux-x64
2025-01-25 14:20:04.172 [info] Marked extension as uninstalled rust-lang.rust-analyzer-0.4.2268-linux-x64
2025-01-25 14:20:04.211 [info] Extension installed successfully: rust-lang.rust-analyzer vscode-userdata:/home/jost/.vscode/extensions/extensions.json
2025-01-25 14:20:04.217 [error] [uncaught exception in sharedProcess]: Error: ENOENT: no such file or directory, stat '/home/jost/.vscode/extensions/extensions.json.vsctmp': EntryNotFound (FileSystemError): Error: ENOENT: no such file or directory, stat '/home/jost/.vscode/extensions/extensions.json.vsctmp'
    at Gm.create (file:///opt/visual-studio-code/resources/app/out/vs/code/electron-utility/sharedProcess/sharedProcessMain.js:35:39624)
    at xs (file:///opt/visual-studio-code/resources/app/out/vs/code/electron-utility/sharedProcess/sharedProcessMain.js:35:39731)
    at Vr.ib (file:///opt/visual-studio-code/resources/app/out/vs/code/electron-utility/sharedProcess/sharedProcessMain.js:78:22778)
    at Vr.stat (file:///opt/visual-studio-code/resources/app/out/vs/code/electron-utility/sharedProcess/sharedProcessMain.js:78:16010)
    at async wh.stat (file:///opt/visual-studio-code/resources/app/out/vs/code/electron-utility/sharedProcess/sharedProcessMain.js:77:85488)
    at async fh.Ab (file:///opt/visual-studio-code/resources/app/out/vs/code/electron-utility/sharedProcess/sharedProcessMain.js:77:67180)
2025-01-25 14:20:04.587 [info] Extracted extension to file:///home/jost/.vscode/extensions/noesistechnologies.noesisgui-tools-0.1.55: noesistechnologies.noesisgui-tools
2025-01-25 14:20:04.641 [info] Renamed to /home/jost/.vscode/extensions/noesistechnologies.noesisgui-tools-0.1.55
2025-01-25 14:20:04.670 [info] Marked extension as uninstalled noesistechnologies.noesisgui-tools-0.1.54
2025-01-25 14:20:04.715 [info] Extension installed successfully: noesistechnologies.noesisgui-tools vscode-userdata:/home/jost/.vscode/extensions/extensions.json
2025-01-25 14:20:04.735 [error] [uncaught exception in sharedProcess]: Error: ENOENT: no such file or directory, stat '/home/jost/.vscode/extensions/extensions.json.vsctmp': EntryNotFound (FileSystemError): Error: ENOENT: no such file or directory, stat '/home/jost/.vscode/extensions/extensions.json.vsctmp'
    at Gm.create (file:///opt/visual-studio-code/resources/app/out/vs/code/electron-utility/sharedProcess/sharedProcessMain.js:35:39624)
    at xs (file:///opt/visual-studio-code/resources/app/out/vs/code/electron-utility/sharedProcess/sharedProcessMain.js:35:39731)
    at Vr.ib (file:///opt/visual-studio-code/resources/app/out/vs/code/electron-utility/sharedProcess/sharedProcessMain.js:78:22778)
    at Vr.stat (file:///opt/visual-studio-code/resources/app/out/vs/code/electron-utility/sharedProcess/sharedProcessMain.js:78:16010)
    at async wh.stat (file:///opt/visual-studio-code/resources/app/out/vs/code/electron-utility/sharedProcess/sharedProcessMain.js:77:85488)
    at async fh.Ab (file:///opt/visual-studio-code/resources/app/out/vs/code/electron-utility/sharedProcess/sharedProcessMain.js:77:67180)
