2025-01-16 16:04:02.467 [info] Reading sessions from keychain...
2025-01-16 16:04:02.467 [info] Getting sessions for all scopes...
2025-01-16 16:04:02.467 [info] Getting sessions for all scopes...
2025-01-16 16:04:02.467 [info] Getting sessions for all scopes...
2025-01-16 16:04:02.467 [info] Getting sessions for all scopes...
2025-01-16 16:04:02.467 [info] Getting sessions for all scopes...
2025-01-16 16:04:02.467 [info] Getting sessions for all scopes...
2025-01-16 16:04:02.467 [info] Getting sessions for all scopes...
2025-01-16 16:04:02.504 [info] Got 0 sessions for ...
2025-01-16 16:04:02.504 [info] Got 0 sessions for ...
2025-01-16 16:04:02.504 [info] Got 0 sessions for ...
2025-01-16 16:04:02.504 [info] Got 0 sessions for ...
2025-01-16 16:04:02.504 [info] Got 0 sessions for ...
2025-01-16 16:04:02.504 [info] Got 0 sessions for ...
2025-01-16 16:04:02.504 [info] Got 0 sessions for ...
2025-01-16 16:04:03.234 [info] Getting sessions for all scopes...
2025-01-16 16:04:03.234 [info] Got 0 sessions for ...
2025-01-16 20:36:40.554 [info] Getting sessions for user:email...
2025-01-16 20:36:40.554 [info] Got 0 sessions for user:email...
2025-01-16 20:36:43.078 [info] Logging in with 'any' account...
2025-01-16 20:36:43.078 [info] Logging in for the following scopes: user:email
2025-01-16 20:36:43.112 [info] Trying without local server... (user:email)
2025-01-16 20:36:43.404 [info] Logging in with 'any' account...
2025-01-16 20:36:43.404 [info] Logging in for the following scopes: user:email
2025-01-16 20:36:43.411 [info] Trying without local server... (user:email)
2025-01-16 20:37:06.488 [error] User Cancelled
2025-01-16 20:37:06.490 [error] Cancelled
2025-01-16 20:37:08.217 [info] Trying with local server... (user:email)
2025-01-16 20:37:12.661 [info] Exchanging code for token...
2025-01-16 20:37:13.075 [info] Token exchange success!
2025-01-16 20:37:13.077 [info] Getting user info...
2025-01-16 20:37:13.474 [info] Got account info!
2025-01-16 20:37:13.475 [info] Storing 1 sessions...
2025-01-16 20:37:27.145 [info] Reading sessions from keychain...
2025-01-16 20:37:27.145 [info] Stored 1 sessions!
2025-01-16 20:37:27.145 [info] Login success!
2025-01-16 20:37:27.203 [info] Getting sessions for all scopes...
2025-01-16 20:37:27.204 [info] Got stored sessions!
2025-01-16 20:37:27.204 [info] Got 1 verified sessions.
2025-01-16 20:37:27.204 [info] Got 1 sessions for ...
2025-01-16 20:37:44.246 [info] Getting sessions for all scopes...
2025-01-16 20:37:44.247 [info] Got 1 sessions for ...
2025-01-16 20:38:00.685 [info] Getting sessions for all scopes...
2025-01-16 20:38:00.685 [info] Got 1 sessions for ...
2025-01-16 20:38:08.212 [info] Getting sessions for user:email...
2025-01-16 20:38:08.212 [info] Got 1 sessions for user:email...
2025-01-16 20:38:09.610 [info] Getting sessions for user:email...
2025-01-16 20:38:09.610 [info] Got 1 sessions for user:email...
