2025-01-25 14:19:57.374 [info] [main] Log level: Info
2025-01-25 14:19:57.374 [info] [main] Validating found git in: "git"
2025-01-25 14:19:57.374 [info] [main] Using git "2.48.1" from "git"
2025-01-25 14:19:57.374 [info] [Model][doInitialScan] Initial repository scan started
2025-01-25 14:19:57.374 [info] > git rev-parse --show-toplevel [35ms]
2025-01-25 14:19:57.374 [info] fatal: not a git repository (or any of the parent directories): .git
2025-01-25 14:19:57.374 [info] > git rev-parse --show-toplevel [17ms]
2025-01-25 14:19:57.374 [info] fatal: not a git repository (or any of the parent directories): .git
2025-01-25 14:19:57.374 [info] > git rev-parse --show-toplevel [125ms]
2025-01-25 14:19:57.374 [info] fatal: not a git repository (or any of the parent directories): .git
2025-01-25 14:19:57.375 [info] > git rev-parse --show-toplevel [2ms]
2025-01-25 14:19:57.375 [info] fatal: not a git repository (or any of the parent directories): .git
2025-01-25 14:19:57.379 [info] [Model][doInitialScan] Initial repository scan completed - repositories (0), closed repositories (0), parent repositories (0), unsafe repositories (0)
2025-01-25 14:19:57.447 [info] > git rev-parse --show-toplevel [3ms]
2025-01-25 14:19:57.447 [info] fatal: not a git repository (or any of the parent directories): .git
2025-01-25 14:19:57.884 [info] > git rev-parse --show-toplevel [2ms]
2025-01-25 14:19:57.884 [info] fatal: not a git repository (or any of the parent directories): .git
2025-01-25 14:19:58.188 [info] > git rev-parse --show-toplevel [32ms]
2025-01-25 14:19:58.188 [info] fatal: not a git repository (or any of the parent directories): .git
2025-01-25 14:19:58.341 [info] > git rev-parse --show-toplevel [11ms]
2025-01-25 14:19:58.341 [info] fatal: not a git repository (or any of the parent directories): .git
