2025-01-25 14:24:50.918 [info] Reading sessions from keychain...
2025-01-25 14:24:50.918 [info] Getting sessions for all scopes...
2025-01-25 14:24:50.918 [info] Getting sessions for all scopes...
2025-01-25 14:24:50.918 [info] Got stored sessions!
2025-01-25 14:24:50.918 [info] Got 1 verified sessions.
2025-01-25 14:24:50.918 [info] Got 1 sessions for ...
2025-01-25 14:24:50.918 [info] Got 1 sessions for ...
2025-01-25 14:24:50.918 [info] Getting sessions for all scopes...
2025-01-25 14:24:50.918 [info] Got 1 sessions for ...
2025-01-25 14:24:50.918 [info] Getting sessions for all scopes...
2025-01-25 14:24:50.918 [info] Got 1 sessions for ...
2025-01-25 14:24:50.918 [info] Getting sessions for all scopes...
2025-01-25 14:24:50.918 [info] Got 1 sessions for ...
2025-01-25 14:24:50.919 [info] Getting sessions for all scopes...
2025-01-25 14:24:50.919 [info] Got 1 sessions for ...
2025-01-25 14:24:50.919 [info] Getting sessions for all scopes...
2025-01-25 14:24:50.919 [info] Got 1 sessions for ...
2025-01-25 14:24:50.919 [info] Getting sessions for user:email...
2025-01-25 14:24:50.919 [info] Got 1 sessions for user:email...
2025-01-25 14:24:52.571 [info] Getting sessions for all scopes...
2025-01-25 14:24:52.571 [info] Got 1 sessions for ...
2025-01-25 14:24:52.664 [info] Getting sessions for user:email...
2025-01-25 14:24:52.664 [info] Got 1 sessions for user:email...
2025-01-25 14:24:52.673 [info] Getting sessions for user:email...
2025-01-25 14:24:52.673 [info] Got 1 sessions for user:email...
