2025-01-26 18:34:11.219 [info] Reading sessions from keychain...
2025-01-26 18:34:11.219 [info] Getting sessions for all scopes...
2025-01-26 18:34:11.219 [info] Getting sessions for all scopes...
2025-01-26 18:34:11.219 [info] Getting sessions for all scopes...
2025-01-26 18:34:11.219 [info] Getting sessions for all scopes...
2025-01-26 18:34:11.219 [info] Getting sessions for all scopes...
2025-01-26 18:34:11.219 [info] Getting sessions for all scopes...
2025-01-26 18:34:11.219 [info] Getting sessions for all scopes...
2025-01-26 18:34:11.219 [info] Got stored sessions!
2025-01-26 18:34:11.219 [info] Got 1 verified sessions.
2025-01-26 18:34:11.219 [info] Got 1 sessions for ...
2025-01-26 18:34:11.219 [info] Got 1 sessions for ...
2025-01-26 18:34:11.219 [info] Got 1 sessions for ...
2025-01-26 18:34:11.219 [info] Got 1 sessions for ...
2025-01-26 18:34:11.219 [info] Got 1 sessions for ...
2025-01-26 18:34:11.219 [info] Got 1 sessions for ...
2025-01-26 18:34:11.219 [info] Got 1 sessions for ...
2025-01-26 18:34:11.336 [info] Getting sessions for all scopes...
2025-01-26 18:34:11.336 [info] Got 1 sessions for ...
2025-01-26 18:34:12.108 [info] Getting sessions for user:email...
2025-01-26 18:34:12.109 [info] Got 1 sessions for user:email...
2025-01-26 18:34:12.713 [info] Getting sessions for all scopes...
2025-01-26 18:34:12.713 [info] Got 1 sessions for ...
2025-01-26 18:34:13.635 [info] Getting sessions for user:email...
2025-01-26 18:34:13.635 [info] Got 1 sessions for user:email...
2025-01-26 18:34:14.247 [info] Getting sessions for user:email...
2025-01-26 18:34:14.248 [info] Got 1 sessions for user:email...
