2025-01-22 10:23:17.556 [info] Reading sessions from keychain...
2025-01-22 10:23:17.556 [info] Getting sessions for all scopes...
2025-01-22 10:23:17.556 [info] Getting sessions for all scopes...
2025-01-22 10:23:17.556 [info] Getting sessions for all scopes...
2025-01-22 10:23:17.556 [info] Getting sessions for all scopes...
2025-01-22 10:23:17.556 [info] Getting sessions for all scopes...
2025-01-22 10:23:17.556 [info] Getting sessions for all scopes...
2025-01-22 10:23:17.556 [info] Getting sessions for all scopes...
2025-01-22 10:23:17.556 [info] Got stored sessions!
2025-01-22 10:23:17.556 [info] Got 1 verified sessions.
2025-01-22 10:23:17.556 [info] Got 1 sessions for ...
2025-01-22 10:23:17.556 [info] Got 1 sessions for ...
2025-01-22 10:23:17.556 [info] Got 1 sessions for ...
2025-01-22 10:23:17.556 [info] Got 1 sessions for ...
2025-01-22 10:23:17.556 [info] Got 1 sessions for ...
2025-01-22 10:23:17.556 [info] Got 1 sessions for ...
2025-01-22 10:23:17.556 [info] Got 1 sessions for ...
2025-01-22 10:23:17.985 [info] Getting sessions for all scopes...
2025-01-22 10:23:17.985 [info] Got 1 sessions for ...
2025-01-22 10:23:18.522 [info] Getting sessions for user:email...
2025-01-22 10:23:18.522 [info] Got 1 sessions for user:email...
2025-01-22 10:23:19.345 [info] Getting sessions for all scopes...
2025-01-22 10:23:19.345 [info] Got 1 sessions for ...
2025-01-22 10:23:29.988 [info] Getting sessions for user:email...
2025-01-22 10:23:29.988 [info] Got 1 sessions for user:email...
2025-01-22 10:23:29.990 [info] Getting sessions for user:email...
2025-01-22 10:23:29.990 [info] Got 1 sessions for user:email...
