2025-01-25 14:19:55.579 [info] Reading sessions from keychain...
2025-01-25 14:19:55.579 [info] Getting sessions for all scopes...
2025-01-25 14:19:55.579 [info] Getting sessions for all scopes...
2025-01-25 14:19:55.579 [info] Getting sessions for all scopes...
2025-01-25 14:19:55.579 [info] Getting sessions for all scopes...
2025-01-25 14:19:55.579 [info] Getting sessions for all scopes...
2025-01-25 14:19:55.579 [info] Getting sessions for all scopes...
2025-01-25 14:19:55.579 [info] Getting sessions for all scopes...
2025-01-25 14:19:55.860 [info] Got stored sessions!
2025-01-25 14:19:55.860 [info] Got 1 verified sessions.
2025-01-25 14:19:55.860 [info] Got 1 sessions for ...
2025-01-25 14:19:55.860 [info] Got 1 sessions for ...
2025-01-25 14:19:55.860 [info] Got 1 sessions for ...
2025-01-25 14:19:55.860 [info] Got 1 sessions for ...
2025-01-25 14:19:55.860 [info] Got 1 sessions for ...
2025-01-25 14:19:55.860 [info] Got 1 sessions for ...
2025-01-25 14:19:55.860 [info] Got 1 sessions for ...
2025-01-25 14:19:56.624 [info] Getting sessions for user:email...
2025-01-25 14:19:56.624 [info] Got 1 sessions for user:email...
2025-01-25 14:19:58.438 [info] Getting sessions for all scopes...
2025-01-25 14:19:58.438 [info] Got 1 sessions for ...
2025-01-25 14:19:58.597 [info] Getting sessions for user:email...
2025-01-25 14:19:58.597 [info] Got 1 sessions for user:email...
2025-01-25 14:19:58.600 [info] Getting sessions for user:email...
2025-01-25 14:19:58.600 [info] Got 1 sessions for user:email...
